0 info it worked if it ends with ok
1 verbose cli [ '/usr/local/bin/node',
1 verbose cli   '/usr/local/bin/npm',
1 verbose cli   'run',
1 verbose cli   'build_win32_x64' ]
2 info using npm@3.10.10
3 info using node@v6.10.2
4 verbose run-script [ 'prebuild_win32_x64',
4 verbose run-script   'build_win32_x64',
4 verbose run-script   'postbuild_win32_x64' ]
5 info lifecycle pixlfox@1.0.0~prebuild_win32_x64: pixlfox@1.0.0
6 silly lifecycle pixlfox@1.0.0~prebuild_win32_x64: no script for prebuild_win32_x64, continuing
7 info lifecycle pixlfox@1.0.0~build_win32_x64: pixlfox@1.0.0
8 verbose lifecycle pixlfox@1.0.0~build_win32_x64: unsafe-perm in lifecycle true
9 verbose lifecycle pixlfox@1.0.0~build_win32_x64: PATH: /usr/local/lib/node_modules/npm/bin/node-gyp-bin:/Users/ashton/Projects/Client/node_modules/.bin:/usr/bin:/bin:/usr/sbin:/sbin:/usr/local/bin:/usr/local/share/dotnet:/Library/Frameworks/Mono.framework/Versions/Current/Commands
10 verbose lifecycle pixlfox@1.0.0~build_win32_x64: CWD: /Users/ashton/Projects/Client
11 silly lifecycle pixlfox@1.0.0~build_win32_x64: Args: [ '-c',
11 silly lifecycle   'electron-packager ./ --overwrite --out=../pixlfoxclient_builds --platform=win32 --arch=x64 --asar=true --prune=true --icon=./logo-icon-white-128.ico --app-copyright=Copyright (C) 2017 PixlFox LLC. All rights reserved. --win32metadata.CompanyName=PixlFox LLC --win32metadata.ProductName=PixlFox Client --win32metadata.FileDescription=PixlFox Client --win32metadata.OriginalFilename=pixlfox.exe' ]
12 silly lifecycle pixlfox@1.0.0~build_win32_x64: Returned: code: 2  signal: null
13 info lifecycle pixlfox@1.0.0~build_win32_x64: Failed to exec build_win32_x64 script
14 verbose stack Error: pixlfox@1.0.0 build_win32_x64: `electron-packager ./ --overwrite --out=../pixlfoxclient_builds --platform=win32 --arch=x64 --asar=true --prune=true --icon=./logo-icon-white-128.ico --app-copyright=Copyright (C) 2017 PixlFox LLC. All rights reserved. --win32metadata.CompanyName=PixlFox LLC --win32metadata.ProductName=PixlFox Client --win32metadata.FileDescription=PixlFox Client --win32metadata.OriginalFilename=pixlfox.exe`
14 verbose stack Exit status 2
14 verbose stack     at EventEmitter.<anonymous> (/usr/local/lib/node_modules/npm/lib/utils/lifecycle.js:255:16)
14 verbose stack     at emitTwo (events.js:106:13)
14 verbose stack     at EventEmitter.emit (events.js:191:7)
14 verbose stack     at ChildProcess.<anonymous> (/usr/local/lib/node_modules/npm/lib/utils/spawn.js:40:14)
14 verbose stack     at emitTwo (events.js:106:13)
14 verbose stack     at ChildProcess.emit (events.js:191:7)
14 verbose stack     at maybeClose (internal/child_process.js:886:16)
14 verbose stack     at Process.ChildProcess._handle.onexit (internal/child_process.js:226:5)
15 verbose pkgid pixlfox@1.0.0
16 verbose cwd /Users/ashton/Projects/Client
17 error Darwin 16.5.0
18 error argv "/usr/local/bin/node" "/usr/local/bin/npm" "run" "build_win32_x64"
19 error node v6.10.2
20 error npm  v3.10.10
21 error code ELIFECYCLE
22 error pixlfox@1.0.0 build_win32_x64: `electron-packager ./ --overwrite --out=../pixlfoxclient_builds --platform=win32 --arch=x64 --asar=true --prune=true --icon=./logo-icon-white-128.ico --app-copyright=Copyright (C) 2017 PixlFox LLC. All rights reserved. --win32metadata.CompanyName=PixlFox LLC --win32metadata.ProductName=PixlFox Client --win32metadata.FileDescription=PixlFox Client --win32metadata.OriginalFilename=pixlfox.exe`
22 error Exit status 2
23 error Failed at the pixlfox@1.0.0 build_win32_x64 script 'electron-packager ./ --overwrite --out=../pixlfoxclient_builds --platform=win32 --arch=x64 --asar=true --prune=true --icon=./logo-icon-white-128.ico --app-copyright=Copyright (C) 2017 PixlFox LLC. All rights reserved. --win32metadata.CompanyName=PixlFox LLC --win32metadata.ProductName=PixlFox Client --win32metadata.FileDescription=PixlFox Client --win32metadata.OriginalFilename=pixlfox.exe'.
23 error Make sure you have the latest version of node.js and npm installed.
23 error If you do, this is most likely a problem with the pixlfox package,
23 error not with npm itself.
23 error Tell the author that this fails on your system:
23 error     electron-packager ./ --overwrite --out=../pixlfoxclient_builds --platform=win32 --arch=x64 --asar=true --prune=true --icon=./logo-icon-white-128.ico --app-copyright=Copyright (C) 2017 PixlFox LLC. All rights reserved. --win32metadata.CompanyName=PixlFox LLC --win32metadata.ProductName=PixlFox Client --win32metadata.FileDescription=PixlFox Client --win32metadata.OriginalFilename=pixlfox.exe
23 error You can get information on how to open an issue for this project with:
23 error     npm bugs pixlfox
23 error Or if that isn't available, you can get their info via:
23 error     npm owner ls pixlfox
23 error There is likely additional logging output above.
24 verbose exit [ 1, true ]
